2024-12-01 10:13:12 - MongoDB is connected
2024-12-01 10:13:12 - Inserted 1 document(s).
2024-12-01 10:20:36 - MongoDB is connected
2024-12-01 10:20:36 - Inserted 1 document(s).
2024-12-01 10:22:46 - MongoDB is connected
2024-12-01 10:22:51 - MongoDB is connected
2024-12-01 10:23:06 - MongoDB is connected
2024-12-01 10:23:06 - Deleted 1 document(s).
2024-12-01 10:26:48 - MongoDB is connected
2024-12-01 10:26:48 - Updated 1 document(s).
2024-12-01 10:33:40 - MongoDB is connected
2024-12-01 10:33:40 - Found document: {"_id":{"$oid":"674c363d9c77189de700c152"},"username":"Hane","password":"12345678","age":28}
2024-12-01 10:33:40 - Found document: {"_id":{"$oid":"674c36b89c77189de700c154"},"username":"Hane","password":"12345678","age":28}
2024-12-01 10:33:40 - Found document: {"_id":{"$oid":"674c37af9c77189de700c155"},"username":"Hane","password":"12345678","age":28}
2024-12-01 10:33:40 - Found document: {"_id":{"$oid":"674c380e9c77189de700c156"},"username":"john","password":"12345678","age":28}
2024-12-01 10:33:44 - MongoDB is connected
2024-12-01 10:33:44 - Found document: {"_id":{"$oid":"674c363d9c77189de700c152"},"username":"Hane","password":"12345678","age":28}
2024-12-01 10:33:44 - Found document: {"_id":{"$oid":"674c36b89c77189de700c154"},"username":"Hane","password":"12345678","age":28}
2024-12-01 10:33:44 - Found document: {"_id":{"$oid":"674c37af9c77189de700c155"},"username":"Hane","password":"12345678","age":28}
2024-12-01 10:33:44 - Found document: {"_id":{"$oid":"674c380e9c77189de700c156"},"username":"john","password":"12345678","age":28}
2024-12-01 10:33:48 - MongoDB is connected
2024-12-01 10:33:48 - Found document: {"_id":{"$oid":"674c363d9c77189de700c152"},"username":"Hane","password":"12345678","age":28}
2024-12-01 10:33:48 - Found document: {"_id":{"$oid":"674c36b89c77189de700c154"},"username":"Hane","password":"12345678","age":28}
2024-12-01 10:33:48 - Found document: {"_id":{"$oid":"674c37af9c77189de700c155"},"username":"Hane","password":"12345678","age":28}
2024-12-01 10:33:48 - Found document: {"_id":{"$oid":"674c380e9c77189de700c156"},"username":"john","password":"12345678","age":28}
2024-12-01 13:04:02 - MongoDB is connected
2024-12-01 13:04:02 - Found document: {"_id":{"$oid":"674c363d9c77189de700c152"},"username":"Hane","password":"12345678","age":28}
2024-12-01 13:04:02 - Found document: {"_id":{"$oid":"674c36b89c77189de700c154"},"username":"Hane","password":"12345678","age":28}
2024-12-01 13:04:02 - Found document: {"_id":{"$oid":"674c37af9c77189de700c155"},"username":"Hane","password":"12345678","age":28}
2024-12-01 13:04:02 - Found document: {"_id":{"$oid":"674c380e9c77189de700c156"},"username":"john","password":"12345678","age":28}
2024-12-01 13:04:23 - MongoDB is connected
2024-12-01 13:04:23 - Found document: {"_id":{"$oid":"674c363d9c77189de700c152"},"username":"Hane","password":"12345678","age":28}
2024-12-01 13:04:23 - Found document: {"_id":{"$oid":"674c36b89c77189de700c154"},"username":"Hane","password":"12345678","age":28}
2024-12-01 13:04:23 - Found document: {"_id":{"$oid":"674c37af9c77189de700c155"},"username":"Hane","password":"12345678","age":28}
2024-12-01 13:04:23 - Found document: {"_id":{"$oid":"674c380e9c77189de700c156"},"username":"john","password":"12345678","age":28}
2024-12-01 13:12:05 - MongoDB is connected
2024-12-01 13:12:05 - Found document: {"_id":{"$oid":"674c363d9c77189de700c152"},"username":"Hane","password":"12345678","age":28}
2024-12-01 13:12:05 - Found document: {"_id":{"$oid":"674c36b89c77189de700c154"},"username":"Hane","password":"12345678","age":28}
2024-12-01 13:12:05 - Found document: {"_id":{"$oid":"674c37af9c77189de700c155"},"username":"Hane","password":"12345678","age":28}
2024-12-01 13:12:05 - Found document: {"_id":{"$oid":"674c380e9c77189de700c156"},"username":"john","password":"12345678","age":28}
2024-12-01 13:15:00 - MongoDB is connected
2024-12-01 13:15:00 - Found document: {"_id":{"$oid":"674c363d9c77189de700c152"},"username":"Hane","password":"12345678","age":28}
2024-12-01 13:15:00 - Found document: {"_id":{"$oid":"674c36b89c77189de700c154"},"username":"Hane","password":"12345678","age":28}
2024-12-01 13:15:00 - Found document: {"_id":{"$oid":"674c37af9c77189de700c155"},"username":"Hane","password":"12345678","age":28}
2024-12-01 13:15:00 - Found document: {"_id":{"$oid":"674c380e9c77189de700c156"},"username":"john","password":"12345678","age":28}
2024-12-01 13:35:41 - MongoDB is connected
2024-12-01 13:35:41 - Found document: {"_id":{"$oid":"674c363d9c77189de700c152"},"username":"Hane","password":"12345678","age":28}
2024-12-01 13:35:41 - Found document: {"_id":{"$oid":"674c36b89c77189de700c154"},"username":"Hane","password":"12345678","age":28}
2024-12-01 13:35:41 - Found document: {"_id":{"$oid":"674c37af9c77189de700c155"},"username":"Hane","password":"12345678","age":28}
2024-12-01 13:35:41 - Found document: {"_id":{"$oid":"674c380e9c77189de700c156"},"username":"john","password":"12345678","age":28}
2024-12-01 13:36:38 - MongoDB is connected
2024-12-01 13:36:38 - Found document: {"_id":{"$oid":"674c363d9c77189de700c152"},"username":"Hane","password":"12345678","age":28}
2024-12-01 13:36:38 - Found document: {"_id":{"$oid":"674c36b89c77189de700c154"},"username":"Hane","password":"12345678","age":28}
2024-12-01 13:36:38 - Found document: {"_id":{"$oid":"674c37af9c77189de700c155"},"username":"Hane","password":"12345678","age":28}
2024-12-01 13:36:38 - Found document: {"_id":{"$oid":"674c380e9c77189de700c156"},"username":"john","password":"12345678","age":28}
2024-12-01 13:37:32 - MongoDB is connected
2024-12-01 13:37:32 - Found document: {"_id":{"$oid":"674c363d9c77189de700c152"},"username":"Hane","password":"12345678","age":28}
2024-12-01 13:37:32 - Found document: {"_id":{"$oid":"674c36b89c77189de700c154"},"username":"Hane","password":"12345678","age":28}
2024-12-01 13:37:32 - Found document: {"_id":{"$oid":"674c37af9c77189de700c155"},"username":"Hane","password":"12345678","age":28}
2024-12-01 13:37:32 - Found document: {"_id":{"$oid":"674c380e9c77189de700c156"},"username":"john","password":"12345678","age":28}
2024-12-01 13:37:42 - MongoDB is connected
2024-12-01 13:37:42 - Inserted 1 document(s).
2024-12-01 13:44:03 - MongoDB is connected
2024-12-01 13:44:03 - Found document: {"_id":{"$oid":"674c363d9c77189de700c152"},"username":"Hane","password":"12345678","age":28}
2024-12-01 13:44:03 - Found document: {"_id":{"$oid":"674c36b89c77189de700c154"},"username":"Hane","password":"12345678","age":28}
2024-12-01 13:44:03 - Found document: {"_id":{"$oid":"674c37af9c77189de700c155"},"username":"Hane","password":"12345678","age":28}
2024-12-01 13:44:03 - Found document: {"_id":{"$oid":"674c380e9c77189de700c156"},"username":"john","password":"12345678","age":28}
2024-12-01 13:44:03 - Found document: {"_id":{"$oid":"674c66a6e377d73f170674f2"},"username":"adsasasdsa","password":"$2y$10$4TTgKCec70.kA5d1wOgf3uk5S.05lXROzl76zQqSVnEzhsPk8KHt6","age":12}
2024-12-01 13:51:23 - MongoDB is connected
2024-12-01 13:51:23 - Found document: {"_id":{"$oid":"674c363d9c77189de700c152"},"username":"Hane","password":"12345678","age":28}
2024-12-01 13:51:23 - Found document: {"_id":{"$oid":"674c36b89c77189de700c154"},"username":"Hane","password":"12345678","age":28}
2024-12-01 13:51:23 - Found document: {"_id":{"$oid":"674c37af9c77189de700c155"},"username":"Hane","password":"12345678","age":28}
2024-12-01 13:51:23 - Found document: {"_id":{"$oid":"674c380e9c77189de700c156"},"username":"john","password":"12345678","age":28}
2024-12-01 13:51:23 - Found document: {"_id":{"$oid":"674c66a6e377d73f170674f2"},"username":"adsasasdsa","password":"$2y$10$4TTgKCec70.kA5d1wOgf3uk5S.05lXROzl76zQqSVnEzhsPk8KHt6","age":12}
